<?xml version="1.0" encoding="UTF-8"?>
<testsuites name="HP Test Suite" time="130.445" tests="2" failures="0" errors="0">
   <testsuite name="HP Test Suite" tests="2" failures="0" errors="0" time="130.445" skipped="0" timestamp="03-05-2024T08:54:07" hostname="runneradmin - fv-az1564-217.cfzvq1px0pqepkq2nnbs4xvn2e.phxx.internal.cloudapp.net" id="Test Suites/HP Test Suite">
      <properties>
         <property name="deviceName" value=""/>
         <property name="devicePlatform" value=""/>
         <property name="logFolder" value="D:\\a\\KatalonTests\\KatalonTests\\Reports\\20240503_084816\\HP Test Suite\\20240503_084827"/>
         <property name="logFiles" value="D:\\a\\KatalonTests\\KatalonTests\\Reports\\20240503_084816\\HP Test Suite\\20240503_084827\\execution0.log"/>
         <property name="attachments" value=""/>
         <property name="hostName" value="runneradmin - fv-az1564-217.cfzvq1px0pqepkq2nnbs4xvn2e.phxx.internal.cloudapp.net"/>
         <property name="os" value="Windows Server 2022 64bit"/>
         <property name="katalonVersion" value="9.4.0.212"/>
         <property name="browser" value="Chrome 124.0.0.0"/>
         <property name="hostAddress" value="10.1.0.163"/>
         <property name="sessionId" value="16dac9b6df99046a00b8996bd800bc3e"/>
         <property name="seleniumVersion" value="3.141.59"/>
         <property name="proxyInformation" value="ProxyInformation { proxyOption=NO_PROXY, proxyServerType=HTTP, username=, password=********, proxyServerAddress=, proxyServerPort=0, executionList=&quot;&quot;, isApplyToDesiredCapabilities=true }"/>
         <property name="platform" value="Windows Server 2022"/>
      </properties>
      <testcase name="Test Cases/02 - Test hosted pages-SDK-UI/02.01 - HP LoginSignUpPagesNoError" time="30.188" classname="Test Cases/02 - Test hosted pages-SDK-UI/02.01 - HP LoginSignUpPagesNoError" status="PASSED">
         <system-out><![CDATA[03-05-2024T08:54:07 - [TEST_CASE][PASSED] - Test Cases/02 - Test hosted pages-SDK-UI/02.01 - HP LoginSignUpPagesNoError: Test Cases/02 - Test hosted pages-SDK-UI/02.01 - HP LoginSignUpPagesNoError

03-05-2024T08:54:07 - [TEST_STEP][PASSED] - openBrowser(""): Browser is opened with url: ''

03-05-2024T08:54:07 - [MESSAGE][INFO] - Starting 'Chrome' driver

03-05-2024T08:54:07 - [MESSAGE][INFO] - Action delay is set to 0 milliseconds

03-05-2024T08:54:09 - [MESSAGE][PASSED] - Browser is opened with url: ''

03-05-2024T08:54:09 - [TEST_STEP][PASSED] - navigateToUrl(ConsoleURL): Navigate to 'https://console-integ.reach5.co/' successfully

03-05-2024T08:54:12 - [MESSAGE][PASSED] - Navigate to 'https://console-integ.reach5.co/' successfully

03-05-2024T08:54:12 - [TEST_STEP][PASSED] - setText(findTestObject("R5_console_Login/login_email"), Login_NME): Text 'nawel.mele@reach5.co' is set on object 'Object Repository/R5_console_Login/login_email'

03-05-2024T08:54:14 - [MESSAGE][PASSED] - Text 'nawel.mele@reach5.co' is set on object 'Object Repository/R5_console_Login/login_email'

03-05-2024T08:54:14 - [TEST_STEP][PASSED] - setEncryptedText(findTestObject("R5_console_Login/login_password"), "5rdcrhgBYgE/1Hb7+0nwZQ=="): Text ****** has been set on object 'Object Repository/R5_console_Login/login_password'

03-05-2024T08:54:15 - [MESSAGE][PASSED] - Text ****** has been set on object 'Object Repository/R5_console_Login/login_password'

03-05-2024T08:54:15 - [TEST_STEP][PASSED] - click(findTestObject("Object Repository/Login/button_Log in")): Object: 'Object Repository/Login/button_Log in' is clicked on

03-05-2024T08:54:15 - [MESSAGE][PASSED] - Object: 'Object Repository/Login/button_Log in' is clicked on

03-05-2024T08:54:15 - [TEST_STEP][PASSED] - click(findTestObject("HP/div_Go to account_css-19bb58m")): Object: 'Object Repository/HP/div_Go to account_css-19bb58m' is clicked on

03-05-2024T08:54:21 - [MESSAGE][PASSED] - Object: 'Object Repository/HP/div_Go to account_css-19bb58m' is clicked on

03-05-2024T08:54:21 - [TEST_STEP][PASSED] - click(findTestObject("Object Repository/HP/div_Integ-QA-fonctionnelle")): Object: 'Object Repository/HP/div_Integ-QA-fonctionnelle' is clicked on

03-05-2024T08:54:25 - [MESSAGE][PASSED] - Object: 'Object Repository/HP/div_Integ-QA-fonctionnelle' is clicked on

03-05-2024T08:54:25 - [TEST_STEP][PASSED] - click(findTestObject("Object Repository/HP/a_Settings")): Object: 'Object Repository/HP/a_Settings' is clicked on

03-05-2024T08:54:30 - [MESSAGE][PASSED] - Object: 'Object Repository/HP/a_Settings' is clicked on

03-05-2024T08:54:30 - [TEST_STEP][PASSED] - click(findTestObject("Object Repository/HP/span_Hosted Pages")): Object: 'Object Repository/HP/span_Hosted Pages' is clicked on

03-05-2024T08:54:31 - [MESSAGE][PASSED] - Object: 'Object Repository/HP/span_Hosted Pages' is clicked on

03-05-2024T08:54:31 - [TEST_STEP][PASSED] - click(findTestObject("Object Repository/HP/div_Authentication")): Object: 'Object Repository/HP/div_Authentication' is clicked on

03-05-2024T08:54:32 - [MESSAGE][PASSED] - Object: 'Object Repository/HP/div_Authentication' is clicked on

03-05-2024T08:54:32 - [TEST_STEP][PASSED] - click(findTestObject("Object Repository/HP/a_httpsinteg-qa-fonctionnelle.reach5.netauth")): Object: 'Object Repository/HP/a_httpsinteg-qa-fonctionnelle.reach5.netauth' is clicked on

03-05-2024T08:54:32 - [MESSAGE][PASSED] - Object: 'Object Repository/HP/a_httpsinteg-qa-fonctionnelle.reach5.netauth' is clicked on

03-05-2024T08:54:32 - [TEST_STEP][PASSED] - switchToWindowUrl("https://integ-qa-fonctionnelle.reach5.net/auth"): Switched to window with url: 'https://integ-qa-fonctionnelle.reach5.net/auth'

03-05-2024T08:54:34 - [MESSAGE][PASSED] - Switched to window with url: 'https://integ-qa-fonctionnelle.reach5.net/auth'

03-05-2024T08:54:34 - [TEST_STEP][PASSED] - verifyTextPresent("Log in", false): Text 'Log in' is present on page 

03-05-2024T08:54:36 - [MESSAGE][PASSED] - Text 'Log in' is present on page 

03-05-2024T08:54:36 - [TEST_STEP][PASSED] - attribute = getAttribute(findTestObject("HP/div_Log in_r5-social-buttons sc-fzplWN hNCuDX"), "class"): Attribute 'class' of object 'Object Repository/HP/div_Log in_r5-social-buttons sc-fzplWN hNCuDX' is: 'r5-social-buttons sc-fzplWN hNCuDX'

03-05-2024T08:54:36 - [MESSAGE][PASSED] - Attribute 'class' of object 'Object Repository/HP/div_Log in_r5-social-buttons sc-fzplWN hNCuDX' is: 'r5-social-buttons sc-fzplWN hNCuDX'

03-05-2024T08:54:36 - [TEST_STEP][PASSED] - out.println(attribute): null

03-05-2024T08:54:36 - [TEST_STEP][PASSED] - verifyMatch(attribute, "r5-social-buttons sc-fzplWN hNCuDX", true): Actual text 'r5-social-buttons sc-fzplWN hNCuDX' and expected text 'r5-social-buttons sc-fzplWN hNCuDX' are matched  using regular expression

03-05-2024T08:54:36 - [MESSAGE][PASSED] - Actual text 'r5-social-buttons sc-fzplWN hNCuDX' and expected text 'r5-social-buttons sc-fzplWN hNCuDX' are matched  using regular expression

03-05-2024T08:54:36 - [TEST_STEP][PASSED] - click(findTestObject("Object Repository/HP/a_Sign up")): Object: 'Object Repository/HP/a_Sign up' is clicked on

03-05-2024T08:54:37 - [MESSAGE][PASSED] - Object: 'Object Repository/HP/a_Sign up' is clicked on

03-05-2024T08:54:37 - [TEST_STEP][PASSED] - verifyTextPresent("Already have an account?", false): Text 'Already have an account?' is present on page 

03-05-2024T08:54:37 - [MESSAGE][PASSED] - Text 'Already have an account?' is present on page 

03-05-2024T08:54:37 - [TEST_STEP][PASSED] - closeBrowser(): Browser is closed

03-05-2024T08:54:37 - [MESSAGE][PASSED] - Browser is closed]]></system-out>
         <system-err><![CDATA[]]></system-err>
      </testcase>
      <testcase name="Test Cases/02 - Test hosted pages-SDK-UI/02.02 - HP Login_via_custom_identifier" time="100.105" classname="Test Cases/02 - Test hosted pages-SDK-UI/02.02 - HP Login_via_custom_identifier" status="PASSED">
         <system-out><![CDATA[03-05-2024T08:54:37 - [TEST_CASE][PASSED] - Test Cases/02 - Test hosted pages-SDK-UI/02.02 - HP Login_via_custom_identifier: Test Cases/02 - Test hosted pages-SDK-UI/02.02 - HP Login_via_custom_identifier

03-05-2024T08:54:37 - [TEST_STEP][PASSED] - openBrowser(""): Browser is opened with url: ''

03-05-2024T08:54:37 - [MESSAGE][INFO] - Starting 'Chrome' driver

03-05-2024T08:54:37 - [MESSAGE][INFO] - Action delay is set to 0 milliseconds

03-05-2024T08:54:38 - [MESSAGE][PASSED] - Browser is opened with url: ''

03-05-2024T08:54:38 - [TEST_STEP][PASSED] - navigateToUrl("https://console-integ.reach5.co/login?r5_request_token=m6cOE6zd9-BXdE0nyn9CkfVU4zQ_V6Z4OC07igkYky8Zy5hzntuKiMsxzaEv6Uscw3jc-tDHr7oqq8qM9Cjdxj2oe5ZhyxjUxU0xLbN-jeV8y69Nt2Y_7MM0_2-Nudfz16XfETAzvX5coTThURFh4xNgA8H9AnZK-5_6MMH-kNWpmWgJNxL8Hx_irJqt1Y1Q4WNjOcYe8JoN4iphXkMySBUZkMIvCfeIJkb76TLrjDcOwiqSQGobrO1FUQxkmVpl1ns0_FrF9TnIIeJOHXCdVjnkUFRvCbXJcwp1H648IrHZxLthwxFldqkTG64fVLpLwSTCD0qwm10IN4nJDIW1hso0iJKVhqPJQbWVVPuqjE0Cjyic9fggsR5NOgd41twP"): Navigate to 'https://console-integ.reach5.co/login?r5_request_token=m6cOE6zd9-BXdE0nyn9CkfVU4zQ_V6Z4OC07igkYky8Zy5hzntuKiMsxzaEv6Uscw3jc-tDHr7oqq8qM9Cjdxj2oe5ZhyxjUxU0xLbN-jeV8y69Nt2Y_7MM0_2-Nudfz16XfETAzvX5coTThURFh4xNgA8H9AnZK-5_6MMH-kNWpmWgJNxL8Hx_irJqt1Y1Q4WNjOcYe8JoN4iphXkMySBUZkMIvCfeIJkb76TLrjDcOwiqSQGobrO1FUQxkmVpl1ns0_FrF9TnIIeJOHXCdVjnkUFRvCbXJcwp1H648IrHZxLthwxFldqkTG64fVLpLwSTCD0qwm10IN4nJDIW1hso0iJKVhqPJQbWVVPuqjE0Cjyic9fggsR5NOgd41twP' successfully

03-05-2024T08:54:42 - [MESSAGE][PASSED] - Navigate to 'https://console-integ.reach5.co/login?r5_request_token=m6cOE6zd9-BXdE0nyn9CkfVU4zQ_V6Z4OC07igkYky8Zy5hzntuKiMsxzaEv6Uscw3jc-tDHr7oqq8qM9Cjdxj2oe5ZhyxjUxU0xLbN-jeV8y69Nt2Y_7MM0_2-Nudfz16XfETAzvX5coTThURFh4xNgA8H9AnZK-5_6MMH-kNWpmWgJNxL8Hx_irJqt1Y1Q4WNjOcYe8JoN4iphXkMySBUZkMIvCfeIJkb76TLrjDcOwiqSQGobrO1FUQxkmVpl1ns0_FrF9TnIIeJOHXCdVjnkUFRvCbXJcwp1H648IrHZxLthwxFldqkTG64fVLpLwSTCD0qwm10IN4nJDIW1hso0iJKVhqPJQbWVVPuqjE0Cjyic9fggsR5NOgd41twP' successfully

03-05-2024T08:54:42 - [TEST_STEP][PASSED] - setText(findTestObject("R5_console_Login/login_email"), Login_NME): Text 'nawel.mele@reach5.co' is set on object 'Object Repository/R5_console_Login/login_email'

03-05-2024T08:54:43 - [MESSAGE][PASSED] - Text 'nawel.mele@reach5.co' is set on object 'Object Repository/R5_console_Login/login_email'

03-05-2024T08:54:43 - [TEST_STEP][PASSED] - setEncryptedText(findTestObject("R5_console_Login/login_password"), "5rdcrhgBYgE/1Hb7+0nwZQ=="): Text ****** has been set on object 'Object Repository/R5_console_Login/login_password'

03-05-2024T08:54:44 - [MESSAGE][PASSED] - Text ****** has been set on object 'Object Repository/R5_console_Login/login_password'

03-05-2024T08:54:44 - [TEST_STEP][PASSED] - click(findTestObject("R5_console_Login/button_Log in")): Object: 'Object Repository/R5_console_Login/button_Log in' is clicked on

03-05-2024T08:54:44 - [MESSAGE][PASSED] - Object: 'Object Repository/R5_console_Login/button_Log in' is clicked on

03-05-2024T08:54:44 - [TEST_STEP][PASSED] - click(findTestObject("Object Repository/HP/Page_Console - ReachFive/div_Go to account")): Object: 'Object Repository/HP/Page_Console - ReachFive/div_Go to account' is clicked on

03-05-2024T08:54:50 - [MESSAGE][PASSED] - Object: 'Object Repository/HP/Page_Console - ReachFive/div_Go to account' is clicked on

03-05-2024T08:54:50 - [TEST_STEP][PASSED] - scrollToElement(findTestObject("HP/div_integ-qa-nme"), 3): Scroll to object 'Object Repository/HP/div_integ-qa-nme' successfully

03-05-2024T08:55:21 - [MESSAGE][INFO] - Unable to find the element located by 'By.xpath: //div[@id='react-select-2-option-29']'. Please recheck the objects properties to make sure the desired element is located. 

03-05-2024T08:55:21 - [MESSAGE][WARNING] - [SELF-HEALING] Failed to find element with id 'Object Repository/HP/div_integ-qa-nme'. Try using Self-healing.

03-05-2024T08:55:21 - [MESSAGE][WARNING] - [SELF-HEALING] The current locator of test object 'Object Repository/HP/div_integ-qa-nme' was broken. Propose an alternative one: '(.//*[normalize-space(text()) and normalize-space(.)='Reach5 Load Tests'])[1]/following::div[1]'.

03-05-2024T08:55:21 - [MESSAGE][PASSED] - Scroll to object 'Object Repository/HP/div_integ-qa-nme' successfully

03-05-2024T08:55:21 - [TEST_STEP][PASSED] - click(findTestObject("HP/div_integ-qa-nme")): Object: 'Object Repository/HP/div_integ-qa-nme' is clicked on

03-05-2024T08:55:52 - [MESSAGE][INFO] - Unable to find the element located by 'By.xpath: //div[@id='react-select-2-option-29']'. Please recheck the objects properties to make sure the desired element is located. 

03-05-2024T08:55:52 - [MESSAGE][WARNING] - [SELF-HEALING] Failed to find element with id 'Object Repository/HP/div_integ-qa-nme'. Try using Self-healing.

03-05-2024T08:55:52 - [MESSAGE][WARNING] - [SELF-HEALING] The current locator of test object 'Object Repository/HP/div_integ-qa-nme' was broken. Propose an alternative one: '(.//*[normalize-space(text()) and normalize-space(.)='Reach5 Load Tests'])[1]/following::div[1]'.

03-05-2024T08:55:56 - [MESSAGE][PASSED] - Object: 'Object Repository/HP/div_integ-qa-nme' is clicked on

03-05-2024T08:55:56 - [TEST_STEP][PASSED] - click(findTestObject("Object Repository/HP/Page_Console - ReachFive/a_Settings")): Object: 'Object Repository/HP/Page_Console - ReachFive/a_Settings' is clicked on

03-05-2024T08:56:01 - [MESSAGE][PASSED] - Object: 'Object Repository/HP/Page_Console - ReachFive/a_Settings' is clicked on

03-05-2024T08:56:01 - [TEST_STEP][PASSED] - click(findTestObject("Object Repository/HP/Page_Console - ReachFive/span_Hosted Pages")): Object: 'Object Repository/HP/Page_Console - ReachFive/span_Hosted Pages' is clicked on

03-05-2024T08:56:01 - [MESSAGE][PASSED] - Object: 'Object Repository/HP/Page_Console - ReachFive/span_Hosted Pages' is clicked on

03-05-2024T08:56:01 - [TEST_STEP][PASSED] - click(findTestObject("Object Repository/HP/Page_Console - ReachFive/div_Authentication")): Object: 'Object Repository/HP/Page_Console - ReachFive/div_Authentication' is clicked on

03-05-2024T08:56:02 - [MESSAGE][PASSED] - Object: 'Object Repository/HP/Page_Console - ReachFive/div_Authentication' is clicked on

03-05-2024T08:56:02 - [TEST_STEP][PASSED] - click(findTestObject("Object Repository/HP/Page_Console - ReachFive/a_httpsinteg-qa-nme.reach5.netauth")): Object: 'Object Repository/HP/Page_Console - ReachFive/a_httpsinteg-qa-nme.reach5.netauth' is clicked on

03-05-2024T08:56:03 - [MESSAGE][PASSED] - Object: 'Object Repository/HP/Page_Console - ReachFive/a_httpsinteg-qa-nme.reach5.netauth' is clicked on

03-05-2024T08:56:03 - [TEST_STEP][PASSED] - switchToWindowUrl("https://integ-qa-nme.reach5.net/auth"): Switched to window with url: 'https://integ-qa-nme.reach5.net/auth'

03-05-2024T08:56:04 - [MESSAGE][PASSED] - Switched to window with url: 'https://integ-qa-nme.reach5.net/auth'

03-05-2024T08:56:04 - [TEST_STEP][PASSED] - test = findTestObject("HP/Page_Authentication - QA-nme-katalon-testing/input_or_customIdentifier"): null

03-05-2024T08:56:04 - [TEST_STEP][PASSED] - type = test.getClass(): null

03-05-2024T08:56:04 - [TEST_STEP][PASSED] - attribute = getAttribute(findTestObject("HP/Page_Authentication - QA-nme-katalon-testing/input_or_customIdentifier"), "name"): Attribute 'name' of object 'Object Repository/HP/Page_Authentication - QA-nme-katalon-testing/input_or_customIdentifier' is: 'customIdentifier'

03-05-2024T08:56:06 - [MESSAGE][PASSED] - Attribute 'name' of object 'Object Repository/HP/Page_Authentication - QA-nme-katalon-testing/input_or_customIdentifier' is: 'customIdentifier'

03-05-2024T08:56:06 - [TEST_STEP][PASSED] - out.println(attribute): null

03-05-2024T08:56:06 - [TEST_STEP][PASSED] - verifyMatch(attribute, "customIdentifier", true): Actual text 'customIdentifier' and expected text 'customIdentifier' are matched  using regular expression

03-05-2024T08:56:06 - [MESSAGE][PASSED] - Actual text 'customIdentifier' and expected text 'customIdentifier' are matched  using regular expression

03-05-2024T08:56:06 - [TEST_STEP][PASSED] - click(findTestObject("Object Repository/HP/Page_Authentication - QA-nme-katalon-testing/input_or_customIdentifier")): Object: 'Object Repository/HP/Page_Authentication - QA-nme-katalon-testing/input_or_customIdentifier' is clicked on

03-05-2024T08:56:06 - [MESSAGE][PASSED] - Object: 'Object Repository/HP/Page_Authentication - QA-nme-katalon-testing/input_or_customIdentifier' is clicked on

03-05-2024T08:56:06 - [TEST_STEP][PASSED] - setText(findTestObject("Object Repository/HP/Page_Authentication - QA-nme-katalon-testing/input_or_customIdentifier"), Custom_identifier_user): Text 'custom identifier login' is set on object 'Object Repository/HP/Page_Authentication - QA-nme-katalon-testing/input_or_customIdentifier'

03-05-2024T08:56:07 - [MESSAGE][PASSED] - Text 'custom identifier login' is set on object 'Object Repository/HP/Page_Authentication - QA-nme-katalon-testing/input_or_customIdentifier'

03-05-2024T08:56:07 - [TEST_STEP][PASSED] - setEncryptedText(findTestObject("Object Repository/HP/Page_Authentication - QA-nme-katalon-testing/input_Password_Hp_Login_with_Custom_identifier"), "mvMLieaRys6G2VpqDO/r4Q=="): Text ****** has been set on object 'Object Repository/HP/Page_Authentication - QA-nme-katalon-testing/input_Password_Hp_Login_with_Custom_identifier'

03-05-2024T08:56:07 - [MESSAGE][PASSED] - Text ****** has been set on object 'Object Repository/HP/Page_Authentication - QA-nme-katalon-testing/input_Password_Hp_Login_with_Custom_identifier'

03-05-2024T08:56:07 - [TEST_STEP][PASSED] - click(findTestObject("Object Repository/HP/Page_Authentication - QA-nme-katalon-testing/button_Log in_HP_Login")): Object: 'Object Repository/HP/Page_Authentication - QA-nme-katalon-testing/button_Log in_HP_Login' is clicked on

03-05-2024T08:56:08 - [MESSAGE][PASSED] - Object: 'Object Repository/HP/Page_Authentication - QA-nme-katalon-testing/button_Log in_HP_Login' is clicked on

03-05-2024T08:56:08 - [TEST_STEP][PASSED] - click(findTestObject("Object Repository/HP/Page_Welcome to ReachFive  Customer Identit_fd61a9/a_Accept")): Object: 'Object Repository/HP/Page_Welcome to ReachFive  Customer Identit_fd61a9/a_Accept' is clicked on

03-05-2024T08:56:16 - [MESSAGE][PASSED] - Object: 'Object Repository/HP/Page_Welcome to ReachFive  Customer Identit_fd61a9/a_Accept' is clicked on

03-05-2024T08:56:16 - [TEST_STEP][PASSED] - verifyTextPresent("Access Management", false): Text 'Access Management' is present on page 

03-05-2024T08:56:17 - [MESSAGE][PASSED] - Text 'Access Management' is present on page 

03-05-2024T08:56:17 - [TEST_STEP][PASSED] - closeBrowser(): Browser is closed

03-05-2024T08:56:17 - [MESSAGE][PASSED] - Browser is closed]]></system-out>
         <system-err><![CDATA[]]></system-err>
      </testcase>
      <system-out><![CDATA[03-05-2024T08:54:07 - [TEST_SUITE][PASSED] - HP Test Suite: Test Cases/02 - Test hosted pages-SDK-UI/02.02 - HP Login_via_custom_identifier]]></system-out>
      <system-err><![CDATA[]]></system-err>
   </testsuite>
</testsuites>
