<?xml version="1.0" encoding="UTF-8"?>
<testsuites name="HP Test Suite" time="47.778" tests="2" failures="0" errors="0">
   <testsuite name="HP Test Suite" tests="2" failures="0" errors="0" time="47.778" skipped="0" timestamp="25-04-2024T17:01:07" hostname="nawelmele - macbook-pro-nme" id="Test Suites/HP Test Suite">
      <properties>
         <property name="deviceName" value=""/>
         <property name="devicePlatform" value=""/>
         <property name="logFolder" value="/Users/nawelmele/Katalon Studio/R5_CI_tests/Reports/20240425_170103/HP Test Suite/20240425_170103"/>
         <property name="logFiles" value="/Users/nawelmele/Katalon Studio/R5_CI_tests/Reports/20240425_170103/HP Test Suite/20240425_170103/execution0.log"/>
         <property name="attachments" value=""/>
         <property name="hostName" value="nawelmele - macbook-pro-nme"/>
         <property name="os" value="Mac OS X 64bit"/>
         <property name="katalonVersion" value="9.3.1.212"/>
         <property name="browser" value="Chrome 124.0.0.0"/>
         <property name="hostAddress" value="192.168.1.30"/>
         <property name="sessionId" value="4b042d43d61fd3d8a01d4a533dbac23d"/>
         <property name="seleniumVersion" value="3.141.59"/>
         <property name="proxyInformation" value="ProxyInformation { proxyOption=NO_PROXY, proxyServerType=HTTP, username=, password=********, proxyServerAddress=, proxyServerPort=0, executionList=&quot;&quot;, isApplyToDesiredCapabilities=true }"/>
         <property name="platform" value="Mac OS X"/>
      </properties>
      <testcase name="Test Cases/02 - Test hosted pages-SDK-UI/02.01 - HP LoginSignUpPagesNoError" time="19.103" classname="Test Cases/02 - Test hosted pages-SDK-UI/02.01 - HP LoginSignUpPagesNoError" status="PASSED">
         <system-out><![CDATA[25-04-2024T17:01:08 - [TEST_CASE][PASSED] - Test Cases/02 - Test hosted pages-SDK-UI/02.01 - HP LoginSignUpPagesNoError: Test Cases/02 - Test hosted pages-SDK-UI/02.01 - HP LoginSignUpPagesNoError

25-04-2024T17:01:08 - [TEST_STEP][PASSED] - openBrowser(""): Browser is opened with url: ''

25-04-2024T17:01:08 - [MESSAGE][INFO] - Starting 'Chrome' driver

25-04-2024T17:01:08 - [MESSAGE][INFO] - Action delay is set to 0 milliseconds

25-04-2024T17:01:11 - [MESSAGE][PASSED] - Browser is opened with url: ''

25-04-2024T17:01:11 - [TEST_STEP][PASSED] - navigateToUrl(ConsoleURL): Navigate to 'https://console-integ.reach5.co/' successfully

25-04-2024T17:01:12 - [MESSAGE][PASSED] - Navigate to 'https://console-integ.reach5.co/' successfully

25-04-2024T17:01:12 - [TEST_STEP][PASSED] - setText(findTestObject("R5_console_Login/login_email"), Login_NME): Text 'nawel.mele@reach5.co' is set on object 'Object Repository/R5_console_Login/login_email'

25-04-2024T17:01:13 - [MESSAGE][PASSED] - Text 'nawel.mele@reach5.co' is set on object 'Object Repository/R5_console_Login/login_email'

25-04-2024T17:01:13 - [TEST_STEP][PASSED] - setEncryptedText(findTestObject("R5_console_Login/login_password"), "5rdcrhgBYgE/1Hb7+0nwZQ=="): Text ****** has been set on object 'Object Repository/R5_console_Login/login_password'

25-04-2024T17:01:14 - [MESSAGE][PASSED] - Text ****** has been set on object 'Object Repository/R5_console_Login/login_password'

25-04-2024T17:01:14 - [TEST_STEP][PASSED] - click(findTestObject("Object Repository/Login/button_Log in")): Object: 'Object Repository/Login/button_Log in' is clicked on

25-04-2024T17:01:14 - [MESSAGE][PASSED] - Object: 'Object Repository/Login/button_Log in' is clicked on

25-04-2024T17:01:14 - [TEST_STEP][PASSED] - click(findTestObject("HP/div_Go to account_css-19bb58m")): Object: 'Object Repository/HP/div_Go to account_css-19bb58m' is clicked on

25-04-2024T17:01:18 - [MESSAGE][PASSED] - Object: 'Object Repository/HP/div_Go to account_css-19bb58m' is clicked on

25-04-2024T17:01:18 - [TEST_STEP][PASSED] - click(findTestObject("Object Repository/HP/div_Integ-QA-fonctionnelle")): Object: 'Object Repository/HP/div_Integ-QA-fonctionnelle' is clicked on

25-04-2024T17:01:19 - [MESSAGE][PASSED] - Object: 'Object Repository/HP/div_Integ-QA-fonctionnelle' is clicked on

25-04-2024T17:01:19 - [TEST_STEP][PASSED] - click(findTestObject("Object Repository/HP/a_Settings")): Object: 'Object Repository/HP/a_Settings' is clicked on

25-04-2024T17:01:22 - [MESSAGE][PASSED] - Object: 'Object Repository/HP/a_Settings' is clicked on

25-04-2024T17:01:22 - [TEST_STEP][PASSED] - click(findTestObject("Object Repository/HP/span_Hosted Pages")): Object: 'Object Repository/HP/span_Hosted Pages' is clicked on

25-04-2024T17:01:23 - [MESSAGE][PASSED] - Object: 'Object Repository/HP/span_Hosted Pages' is clicked on

25-04-2024T17:01:23 - [TEST_STEP][PASSED] - click(findTestObject("Object Repository/HP/div_Authentication")): Object: 'Object Repository/HP/div_Authentication' is clicked on

25-04-2024T17:01:23 - [MESSAGE][PASSED] - Object: 'Object Repository/HP/div_Authentication' is clicked on

25-04-2024T17:01:23 - [TEST_STEP][PASSED] - click(findTestObject("Object Repository/HP/a_httpsinteg-qa-fonctionnelle.reach5.netauth")): Object: 'Object Repository/HP/a_httpsinteg-qa-fonctionnelle.reach5.netauth' is clicked on

25-04-2024T17:01:24 - [MESSAGE][PASSED] - Object: 'Object Repository/HP/a_httpsinteg-qa-fonctionnelle.reach5.netauth' is clicked on

25-04-2024T17:01:24 - [TEST_STEP][PASSED] - switchToWindowUrl("https://integ-qa-fonctionnelle.reach5.net/auth"): Switched to window with url: 'https://integ-qa-fonctionnelle.reach5.net/auth'

25-04-2024T17:01:24 - [MESSAGE][PASSED] - Switched to window with url: 'https://integ-qa-fonctionnelle.reach5.net/auth'

25-04-2024T17:01:24 - [TEST_STEP][PASSED] - verifyTextPresent("Log in", false): Text 'Log in' is present on page 

25-04-2024T17:01:25 - [MESSAGE][PASSED] - Text 'Log in' is present on page 

25-04-2024T17:01:25 - [TEST_STEP][PASSED] - attribute = getAttribute(findTestObject("HP/div_Log in_r5-social-buttons sc-fzplWN hNCuDX"), "class"): Attribute 'class' of object 'Object Repository/HP/div_Log in_r5-social-buttons sc-fzplWN hNCuDX' is: 'r5-social-buttons sc-fzplWN hNCuDX'

25-04-2024T17:01:26 - [MESSAGE][PASSED] - Attribute 'class' of object 'Object Repository/HP/div_Log in_r5-social-buttons sc-fzplWN hNCuDX' is: 'r5-social-buttons sc-fzplWN hNCuDX'

25-04-2024T17:01:26 - [TEST_STEP][PASSED] - out.println(attribute): null

25-04-2024T17:01:26 - [TEST_STEP][PASSED] - verifyMatch(attribute, "r5-social-buttons sc-fzplWN hNCuDX", true): Actual text 'r5-social-buttons sc-fzplWN hNCuDX' and expected text 'r5-social-buttons sc-fzplWN hNCuDX' are matched  using regular expression

25-04-2024T17:01:26 - [MESSAGE][PASSED] - Actual text 'r5-social-buttons sc-fzplWN hNCuDX' and expected text 'r5-social-buttons sc-fzplWN hNCuDX' are matched  using regular expression

25-04-2024T17:01:26 - [TEST_STEP][PASSED] - click(findTestObject("Object Repository/HP/a_Sign up")): Object: 'Object Repository/HP/a_Sign up' is clicked on

25-04-2024T17:01:26 - [MESSAGE][PASSED] - Object: 'Object Repository/HP/a_Sign up' is clicked on

25-04-2024T17:01:26 - [TEST_STEP][PASSED] - verifyTextPresent("Already have an account?", false): Text 'Already have an account?' is present on page 

25-04-2024T17:01:26 - [MESSAGE][PASSED] - Text 'Already have an account?' is present on page 

25-04-2024T17:01:26 - [TEST_STEP][PASSED] - closeBrowser(): Browser is closed

25-04-2024T17:01:27 - [MESSAGE][PASSED] - Browser is closed]]></system-out>
         <system-err><![CDATA[]]></system-err>
      </testcase>
      <testcase name="Test Cases/02 - Test hosted pages-SDK-UI/02.02 - HP Login_via_custom_identifier" time="28.535" classname="Test Cases/02 - Test hosted pages-SDK-UI/02.02 - HP Login_via_custom_identifier" status="PASSED">
         <system-out><![CDATA[25-04-2024T17:01:27 - [TEST_CASE][PASSED] - Test Cases/02 - Test hosted pages-SDK-UI/02.02 - HP Login_via_custom_identifier: Test Cases/02 - Test hosted pages-SDK-UI/02.02 - HP Login_via_custom_identifier

25-04-2024T17:01:27 - [TEST_STEP][PASSED] - openBrowser(""): Browser is opened with url: ''

25-04-2024T17:01:27 - [MESSAGE][INFO] - Starting 'Chrome' driver

25-04-2024T17:01:27 - [MESSAGE][INFO] - Action delay is set to 0 milliseconds

25-04-2024T17:01:29 - [MESSAGE][PASSED] - Browser is opened with url: ''

25-04-2024T17:01:29 - [TEST_STEP][PASSED] - navigateToUrl("https://console-integ.reach5.co/login?r5_request_token=m6cOE6zd9-BXdE0nyn9CkfVU4zQ_V6Z4OC07igkYky8Zy5hzntuKiMsxzaEv6Uscw3jc-tDHr7oqq8qM9Cjdxj2oe5ZhyxjUxU0xLbN-jeV8y69Nt2Y_7MM0_2-Nudfz16XfETAzvX5coTThURFh4xNgA8H9AnZK-5_6MMH-kNWpmWgJNxL8Hx_irJqt1Y1Q4WNjOcYe8JoN4iphXkMySBUZkMIvCfeIJkb76TLrjDcOwiqSQGobrO1FUQxkmVpl1ns0_FrF9TnIIeJOHXCdVjnkUFRvCbXJcwp1H648IrHZxLthwxFldqkTG64fVLpLwSTCD0qwm10IN4nJDIW1hso0iJKVhqPJQbWVVPuqjE0Cjyic9fggsR5NOgd41twP"): Navigate to 'https://console-integ.reach5.co/login?r5_request_token=m6cOE6zd9-BXdE0nyn9CkfVU4zQ_V6Z4OC07igkYky8Zy5hzntuKiMsxzaEv6Uscw3jc-tDHr7oqq8qM9Cjdxj2oe5ZhyxjUxU0xLbN-jeV8y69Nt2Y_7MM0_2-Nudfz16XfETAzvX5coTThURFh4xNgA8H9AnZK-5_6MMH-kNWpmWgJNxL8Hx_irJqt1Y1Q4WNjOcYe8JoN4iphXkMySBUZkMIvCfeIJkb76TLrjDcOwiqSQGobrO1FUQxkmVpl1ns0_FrF9TnIIeJOHXCdVjnkUFRvCbXJcwp1H648IrHZxLthwxFldqkTG64fVLpLwSTCD0qwm10IN4nJDIW1hso0iJKVhqPJQbWVVPuqjE0Cjyic9fggsR5NOgd41twP' successfully

25-04-2024T17:01:30 - [MESSAGE][PASSED] - Navigate to 'https://console-integ.reach5.co/login?r5_request_token=m6cOE6zd9-BXdE0nyn9CkfVU4zQ_V6Z4OC07igkYky8Zy5hzntuKiMsxzaEv6Uscw3jc-tDHr7oqq8qM9Cjdxj2oe5ZhyxjUxU0xLbN-jeV8y69Nt2Y_7MM0_2-Nudfz16XfETAzvX5coTThURFh4xNgA8H9AnZK-5_6MMH-kNWpmWgJNxL8Hx_irJqt1Y1Q4WNjOcYe8JoN4iphXkMySBUZkMIvCfeIJkb76TLrjDcOwiqSQGobrO1FUQxkmVpl1ns0_FrF9TnIIeJOHXCdVjnkUFRvCbXJcwp1H648IrHZxLthwxFldqkTG64fVLpLwSTCD0qwm10IN4nJDIW1hso0iJKVhqPJQbWVVPuqjE0Cjyic9fggsR5NOgd41twP' successfully

25-04-2024T17:01:30 - [TEST_STEP][PASSED] - setText(findTestObject("R5_console_Login/login_email"), Login_NME): Text 'nawel.mele@reach5.co' is set on object 'Object Repository/R5_console_Login/login_email'

25-04-2024T17:01:35 - [MESSAGE][PASSED] - Text 'nawel.mele@reach5.co' is set on object 'Object Repository/R5_console_Login/login_email'

25-04-2024T17:01:35 - [TEST_STEP][PASSED] - setEncryptedText(findTestObject("R5_console_Login/login_password"), "5rdcrhgBYgE/1Hb7+0nwZQ=="): Text ****** has been set on object 'Object Repository/R5_console_Login/login_password'

25-04-2024T17:01:36 - [MESSAGE][PASSED] - Text ****** has been set on object 'Object Repository/R5_console_Login/login_password'

25-04-2024T17:01:36 - [TEST_STEP][PASSED] - click(findTestObject("R5_console_Login/button_Log in")): Object: 'Object Repository/R5_console_Login/button_Log in' is clicked on

25-04-2024T17:01:37 - [MESSAGE][PASSED] - Object: 'Object Repository/R5_console_Login/button_Log in' is clicked on

25-04-2024T17:01:37 - [TEST_STEP][PASSED] - click(findTestObject("Object Repository/HP/Page_Console - ReachFive/div_Go to account")): Object: 'Object Repository/HP/Page_Console - ReachFive/div_Go to account' is clicked on

25-04-2024T17:01:40 - [MESSAGE][PASSED] - Object: 'Object Repository/HP/Page_Console - ReachFive/div_Go to account' is clicked on

25-04-2024T17:01:40 - [TEST_STEP][PASSED] - scrollToElement(findTestObject("HP/div_integ-qa-nme"), 3): Scroll to object 'Object Repository/HP/div_integ-qa-nme' successfully

25-04-2024T17:01:40 - [MESSAGE][PASSED] - Scroll to object 'Object Repository/HP/div_integ-qa-nme' successfully

25-04-2024T17:01:40 - [TEST_STEP][PASSED] - click(findTestObject("HP/div_integ-qa-nme")): Object: 'Object Repository/HP/div_integ-qa-nme' is clicked on

25-04-2024T17:01:41 - [MESSAGE][PASSED] - Object: 'Object Repository/HP/div_integ-qa-nme' is clicked on

25-04-2024T17:01:41 - [TEST_STEP][PASSED] - click(findTestObject("Object Repository/HP/Page_Console - ReachFive/a_Settings")): Object: 'Object Repository/HP/Page_Console - ReachFive/a_Settings' is clicked on

25-04-2024T17:01:44 - [MESSAGE][PASSED] - Object: 'Object Repository/HP/Page_Console - ReachFive/a_Settings' is clicked on

25-04-2024T17:01:44 - [TEST_STEP][PASSED] - click(findTestObject("Object Repository/HP/Page_Console - ReachFive/span_Hosted Pages")): Object: 'Object Repository/HP/Page_Console - ReachFive/span_Hosted Pages' is clicked on

25-04-2024T17:01:45 - [MESSAGE][PASSED] - Object: 'Object Repository/HP/Page_Console - ReachFive/span_Hosted Pages' is clicked on

25-04-2024T17:01:45 - [TEST_STEP][PASSED] - click(findTestObject("Object Repository/HP/Page_Console - ReachFive/div_Authentication")): Object: 'Object Repository/HP/Page_Console - ReachFive/div_Authentication' is clicked on

25-04-2024T17:01:46 - [MESSAGE][PASSED] - Object: 'Object Repository/HP/Page_Console - ReachFive/div_Authentication' is clicked on

25-04-2024T17:01:46 - [TEST_STEP][PASSED] - click(findTestObject("Object Repository/HP/Page_Console - ReachFive/a_httpsinteg-qa-nme.reach5.netauth")): Object: 'Object Repository/HP/Page_Console - ReachFive/a_httpsinteg-qa-nme.reach5.netauth' is clicked on

25-04-2024T17:01:46 - [MESSAGE][PASSED] - Object: 'Object Repository/HP/Page_Console - ReachFive/a_httpsinteg-qa-nme.reach5.netauth' is clicked on

25-04-2024T17:01:46 - [TEST_STEP][PASSED] - switchToWindowUrl("https://integ-qa-nme.reach5.net/auth"): Switched to window with url: 'https://integ-qa-nme.reach5.net/auth'

25-04-2024T17:01:47 - [MESSAGE][PASSED] - Switched to window with url: 'https://integ-qa-nme.reach5.net/auth'

25-04-2024T17:01:47 - [TEST_STEP][PASSED] - test = findTestObject("HP/Page_Authentication - QA-nme-katalon-testing/input_or_customIdentifier"): null

25-04-2024T17:01:47 - [TEST_STEP][PASSED] - type = test.getClass(): null

25-04-2024T17:01:47 - [TEST_STEP][PASSED] - attribute = getAttribute(findTestObject("HP/Page_Authentication - QA-nme-katalon-testing/input_or_customIdentifier"), "name"): Attribute 'name' of object 'Object Repository/HP/Page_Authentication - QA-nme-katalon-testing/input_or_customIdentifier' is: 'customIdentifier'

25-04-2024T17:01:48 - [MESSAGE][PASSED] - Attribute 'name' of object 'Object Repository/HP/Page_Authentication - QA-nme-katalon-testing/input_or_customIdentifier' is: 'customIdentifier'

25-04-2024T17:01:48 - [TEST_STEP][PASSED] - out.println(attribute): null

25-04-2024T17:01:48 - [TEST_STEP][PASSED] - verifyMatch(attribute, "customIdentifier", true): Actual text 'customIdentifier' and expected text 'customIdentifier' are matched  using regular expression

25-04-2024T17:01:48 - [MESSAGE][PASSED] - Actual text 'customIdentifier' and expected text 'customIdentifier' are matched  using regular expression

25-04-2024T17:01:48 - [TEST_STEP][PASSED] - click(findTestObject("Object Repository/HP/Page_Authentication - QA-nme-katalon-testing/input_or_customIdentifier")): Object: 'Object Repository/HP/Page_Authentication - QA-nme-katalon-testing/input_or_customIdentifier' is clicked on

25-04-2024T17:01:48 - [MESSAGE][PASSED] - Object: 'Object Repository/HP/Page_Authentication - QA-nme-katalon-testing/input_or_customIdentifier' is clicked on

25-04-2024T17:01:48 - [TEST_STEP][PASSED] - setText(findTestObject("Object Repository/HP/Page_Authentication - QA-nme-katalon-testing/input_or_customIdentifier"), Custom_identifier_user): Text 'custom identifier login' is set on object 'Object Repository/HP/Page_Authentication - QA-nme-katalon-testing/input_or_customIdentifier'

25-04-2024T17:01:49 - [MESSAGE][PASSED] - Text 'custom identifier login' is set on object 'Object Repository/HP/Page_Authentication - QA-nme-katalon-testing/input_or_customIdentifier'

25-04-2024T17:01:49 - [TEST_STEP][PASSED] - setEncryptedText(findTestObject("Object Repository/HP/Page_Authentication - QA-nme-katalon-testing/input_Password_Hp_Login_with_Custom_identifier"), "mvMLieaRys6G2VpqDO/r4Q=="): Text ****** has been set on object 'Object Repository/HP/Page_Authentication - QA-nme-katalon-testing/input_Password_Hp_Login_with_Custom_identifier'

25-04-2024T17:01:49 - [MESSAGE][PASSED] - Text ****** has been set on object 'Object Repository/HP/Page_Authentication - QA-nme-katalon-testing/input_Password_Hp_Login_with_Custom_identifier'

25-04-2024T17:01:49 - [TEST_STEP][PASSED] - click(findTestObject("Object Repository/HP/Page_Authentication - QA-nme-katalon-testing/button_Log in_HP_Login")): Object: 'Object Repository/HP/Page_Authentication - QA-nme-katalon-testing/button_Log in_HP_Login' is clicked on

25-04-2024T17:01:49 - [MESSAGE][PASSED] - Object: 'Object Repository/HP/Page_Authentication - QA-nme-katalon-testing/button_Log in_HP_Login' is clicked on

25-04-2024T17:01:49 - [TEST_STEP][PASSED] - click(findTestObject("Object Repository/HP/Page_Welcome to ReachFive  Customer Identit_fd61a9/a_Accept")): Object: 'Object Repository/HP/Page_Welcome to ReachFive  Customer Identit_fd61a9/a_Accept' is clicked on

25-04-2024T17:01:54 - [MESSAGE][PASSED] - Object: 'Object Repository/HP/Page_Welcome to ReachFive  Customer Identit_fd61a9/a_Accept' is clicked on

25-04-2024T17:01:54 - [TEST_STEP][PASSED] - verifyTextPresent("Access Management", false): Text 'Access Management' is present on page 

25-04-2024T17:01:55 - [MESSAGE][PASSED] - Text 'Access Management' is present on page 

25-04-2024T17:01:55 - [TEST_STEP][PASSED] - closeBrowser(): Browser is closed

25-04-2024T17:01:55 - [MESSAGE][PASSED] - Browser is closed]]></system-out>
         <system-err><![CDATA[]]></system-err>
      </testcase>
      <system-out><![CDATA[25-04-2024T17:01:07 - [TEST_SUITE][PASSED] - HP Test Suite: Test Cases/02 - Test hosted pages-SDK-UI/02.02 - HP Login_via_custom_identifier]]></system-out>
      <system-err><![CDATA[]]></system-err>
   </testsuite>
</testsuites>
